<?xml version="1.0" encoding="UTF-8"?>
<!-- Generated by org.testng.reporters.JUnitXMLReporter -->
<testsuite ignored="0" hostname="LAPTOP-D30CJVJ8" failures="1" tests="2" name="Test" time="37.673" errors="0" timestamp="2023-02-13T01:05:00 IST">
  <testcase classname="com.mystore.testcases.TC_MyAccountPageTest" name="verifyMyAccountRegistration" time="1.459"/>
  <testcase classname="com.mystore.testcases.TC_MyAccountPageLoginTest" name="verifyMyAccountLogin" time="1.105">
    <failure type="java.lang.AssertionError" message="expected [true] but found [false]">
      <![CDATA[java.lang.AssertionError: expected [true] but found [false]
at com.mystore.testcases.TC_MyAccountPageLoginTest.verifyMyAccountLogin(TC_MyAccountPageLoginTest.java:38)
at java.base/java.util.ArrayList.forEach(ArrayList.java:1511)
... Removed 31 stack frames]]>
    </failure>
  </testcase> <!-- verifyMyAccountLogin -->
</testsuite> <!-- Test -->
